2023-06-07 14:37:07,149 [Worker-2: Loading available Gradle versions] INFO  o.e.b.c.i.u.g.PublishedGradleVersions - Gradle version information cache is up-to-date. Trying to read.
2023-06-07 14:41:01,650 [Worker-5: Creating project "VehicleServiceStation"] INFO  o.e.m.c.i.l.LifecycleMappingFactory - Using org.eclipse.m2e.jdt.JarLifecycleMapping lifecycle mapping for MavenProject: com.sunbeam:VehicleServiceStation:0.0.1-SNAPSHOT @ C:\Users\Dinesh\Desktop\sunbeam\ProjectVehicle\Project-Vehicle-Service-Station\VehicleServiceStation\pom.xml.
2023-06-07 14:41:02,314 [Worker-5: Creating project "VehicleServiceStation"] INFO  o.e.m.j.i.AbstractJavaProjectConfigurator - Adding source folder /VehicleServiceStation/src/main/java
2023-06-07 14:41:02,315 [Worker-5: Creating project "VehicleServiceStation"] INFO  o.e.m.j.i.AbstractJavaProjectConfigurator - Adding resource folder /VehicleServiceStation/src/main/resources
2023-06-07 14:41:02,315 [Worker-5: Creating project "VehicleServiceStation"] INFO  o.e.m.j.i.AbstractJavaProjectConfigurator - Adding source folder /VehicleServiceStation/src/test/java
2023-06-07 14:41:02,315 [Worker-5: Creating project "VehicleServiceStation"] INFO  o.e.m.j.i.AbstractJavaProjectConfigurator - Adding resource folder /VehicleServiceStation/src/test/resources
2023-06-07 14:41:03,575 [Worker-3: Building] WARN  o.e.m.c.i.embedder.EclipseLogger - Using platform encoding (Cp1252 actually) to copy filtered resources, i.e. build is platform dependent!
2023-06-07 14:41:03,583 [Worker-3: Building] INFO  o.e.m.c.i.embedder.EclipseLogger - Copying 0 resource
2023-06-07 14:41:03,589 [Worker-3: Building] WARN  o.e.m.c.i.embedder.EclipseLogger - Using platform encoding (Cp1252 actually) to copy filtered resources, i.e. build is platform dependent!
2023-06-07 14:41:03,590 [Worker-3: Building] INFO  o.e.m.c.i.embedder.EclipseLogger - Copying 0 resource
2023-06-07 14:42:09,581 [Worker-6: Building] INFO  o.e.m.c.i.l.LifecycleMappingFactory - Using org.eclipse.m2e.jdt.JarLifecycleMapping lifecycle mapping for MavenProject: com.sunbeam:VehicleServiceStation:0.0.1-SNAPSHOT @ C:\Users\Dinesh\Desktop\sunbeam\ProjectVehicle\Project-Vehicle-Service-Station\VehicleServiceStation\pom.xml.
2023-06-07 14:42:09,653 [Worker-6: Building] WARN  o.e.m.c.i.embedder.EclipseLogger - Using platform encoding (Cp1252 actually) to copy filtered resources, i.e. build is platform dependent!
2023-06-07 14:42:09,656 [Worker-6: Building] INFO  o.e.m.c.i.embedder.EclipseLogger - Copying 0 resource
2023-06-07 14:42:09,658 [Worker-6: Building] WARN  o.e.m.c.i.embedder.EclipseLogger - Using platform encoding (Cp1252 actually) to copy filtered resources, i.e. build is platform dependent!
2023-06-07 14:42:09,659 [Worker-6: Building] INFO  o.e.m.c.i.embedder.EclipseLogger - Copying 0 resource
2023-06-07 14:42:49,138 [Worker-14: Updating Maven Project] INFO  o.e.m.c.i.p.ProjectConfigurationManager - Update started
2023-06-07 14:42:49,272 [Worker-14: Updating Maven Project] INFO  o.e.m.c.i.l.LifecycleMappingFactory - Using org.eclipse.m2e.jdt.JarLifecycleMapping lifecycle mapping for MavenProject: com.sunbeam:VehicleServiceStation:0.0.1-SNAPSHOT @ C:\Users\Dinesh\Desktop\sunbeam\ProjectVehicle\Project-Vehicle-Service-Station\VehicleServiceStation\pom.xml.
2023-06-07 14:42:49,330 [Worker-14: Updating Maven Project] INFO  o.e.m.j.i.AbstractJavaProjectConfigurator - Adding source folder /VehicleServiceStation/src/main/java
2023-06-07 14:42:49,330 [Worker-14: Updating Maven Project] INFO  o.e.m.j.i.AbstractJavaProjectConfigurator - Adding resource folder /VehicleServiceStation/src/main/resources
2023-06-07 14:42:49,330 [Worker-14: Updating Maven Project] INFO  o.e.m.j.i.AbstractJavaProjectConfigurator - Adding source folder /VehicleServiceStation/src/test/java
2023-06-07 14:42:49,330 [Worker-14: Updating Maven Project] INFO  o.e.m.j.i.AbstractJavaProjectConfigurator - Adding resource folder /VehicleServiceStation/src/test/resources
2023-06-07 14:42:49,447 [Worker-14: Updating Maven Project] INFO  o.e.m.c.i.p.ProjectConfigurationManager - Update completed for 1 poms: local refresh takes 0.00 sec, refresh facades takes 0.00 sec, update config takes 0.00 sec 
2023-06-07 14:42:49,578 [Worker-5: Building] WARN  o.e.m.c.i.embedder.EclipseLogger - Using platform encoding (Cp1252 actually) to copy filtered resources, i.e. build is platform dependent!
2023-06-07 14:42:49,579 [Worker-5: Building] INFO  o.e.m.c.i.embedder.EclipseLogger - Copying 0 resource
